\BOOKMARK [0][-]{chapter.1}{\376\377\000B\000a\000c\000k\000g\000r\000o\000u\000n\000d\000\040\000a\000n\000d\000\040\000M\000o\000t\000i\000v\000a\000t\000i\000o\000n}{}% 1
\BOOKMARK [1][-]{section.1.1}{\376\377\000S\000y\000n\000o\000p\000s\000i\000s\000\040\000o\000f\000\040\000t\000h\000e\000\040\000S\000t\000a\000n\000d\000a\000r\000d\000\040\000M\000o\000d\000e\000l}{chapter.1}% 2
\BOOKMARK [1][-]{section.1.2}{\376\377\000C\000P\000\040\000V\000i\000o\000l\000a\000t\000i\000o\000n}{chapter.1}% 3
\BOOKMARK [2][-]{subsection.1.2.1}{\376\377\000T\000h\000e\000\040\000S\000t\000r\000o\000n\000g\000\040\000C\000P\000\040\000P\000r\000o\000b\000l\000e\000m}{section.1.2}% 4
\BOOKMARK [1][-]{section.1.3}{\376\377\000A\000x\000i\000o\000n\000s}{chapter.1}% 5
\BOOKMARK [1][-]{section.1.4}{\376\377\000A\000x\000i\000o\000n\000\040\000L\000i\000k\000e\000\040\000P\000a\000r\000t\000i\000c\000l\000e\000s\000\040\000\050\000A\000L\000P\000s\000\051}{chapter.1}% 6
\BOOKMARK [1][-]{section.1.5}{\376\377\000E\000x\000p\000e\000r\000i\000m\000e\000n\000t\000a\000l\000\040\000S\000e\000a\000r\000c\000h\000e\000s\000\040\000f\000o\000r\000\040\000A\000x\000i\000o\000n\000s\000\040\000a\000n\000d\000\040\000A\000L\000P\000s}{chapter.1}% 7
\BOOKMARK [2][-]{subsection.1.5.1}{\376\377\000L\000i\000g\000h\000t\000\040\000S\000h\000i\000n\000i\000n\000g\000\040\000T\000h\000r\000o\000u\000g\000h\000\040\000W\000a\000l\000l\000s\000\040\000\050\000L\000S\000W\000\051\000\040\000S\000e\000a\000r\000c\000h\000e\000s}{section.1.5}% 8
\BOOKMARK [2][-]{subsection.1.5.2}{\376\377\000H\000a\000l\000o\000s\000c\000o\000p\000e\000\040\000S\000e\000a\000r\000c\000h\000e\000s}{section.1.5}% 9
\BOOKMARK [2][-]{subsection.1.5.3}{\376\377\000H\000e\000l\000i\000o\000s\000c\000o\000p\000e\000\040\000S\000e\000a\000r\000c\000h\000e\000s}{section.1.5}% 10
\BOOKMARK [2][-]{subsection.1.5.4}{\376\377\000C\000o\000l\000l\000i\000d\000e\000r\000\040\000S\000e\000a\000r\000c\000h\000e\000s}{section.1.5}% 11
\BOOKMARK [1][-]{section.1.6}{\376\377\000T\000h\000e\000\040\000B\0000\000K\000*\000a\0000\000,\000\040\000a\0000\000\040\000D\000e\000c\000a\000y\000\040\000P\000r\000o\000c\000e\000s\000s}{chapter.1}% 12
\BOOKMARK [0][-]{chapter.2}{\376\377\000T\000h\000e\000\040\000L\000H\000C\000b\000\040\000D\000e\000t\000e\000c\000t\000o\000r}{}% 13
\BOOKMARK [1][-]{section.2.1}{\376\377\000S\000t\000r\000u\000c\000t\000u\000r\000e\000\040\000o\000f\000\040\000t\000h\000e\000\040\000L\000H\000C\000b\000\040\000D\000e\000t\000e\000c\000t\000o\000r}{chapter.2}% 14
\BOOKMARK [2][-]{subsection.2.1.1}{\376\377\000V\000e\000r\000t\000e\000x\000\040\000L\000o\000c\000a\000t\000o\000r\000\040\000\050\000V\000E\000L\000O\000\051}{section.2.1}% 15
\BOOKMARK [2][-]{subsection.2.1.2}{\376\377\000R\000i\000n\000g\000\040\000I\000m\000a\000g\000i\000n\000g\000\040\000C\000h\000e\000r\000e\000n\000k\000o\000v\000\040\000\050\000R\000I\000C\000H\000\051\000\040\000D\000e\000t\000e\000c\000t\000o\000r}{section.2.1}% 16
\BOOKMARK [2][-]{subsection.2.1.3}{\376\377\000M\000a\000g\000n\000e\000t}{section.2.1}% 17
\BOOKMARK [2][-]{subsection.2.1.4}{\376\377\000E\000l\000e\000c\000t\000r\000o\000m\000a\000g\000n\000e\000t\000i\000c\000\040\000C\000a\000l\000o\000r\000i\000m\000e\000t\000e\000r\000\040\000\050\000E\000C\000A\000L\000\051}{section.2.1}% 18
\BOOKMARK [1][-]{section.2.2}{\376\377\000D\000a\000t\000a\000\040\000A\000n\000a\000l\000y\000s\000i\000s\000\040\000a\000t\000\040\000t\000h\000e\000\040\000L\000H\000C\000b}{chapter.2}% 19
\BOOKMARK [2][-]{subsection.2.2.1}{\376\377\000T\000h\000e\000\040\000L\000H\000C\000b\000\040\000D\000a\000t\000a\000\040\000F\000l\000o\000w}{section.2.2}% 20
\BOOKMARK [2][-]{subsection.2.2.2}{\376\377\000T\000h\000e\000\040\000L\000H\000C\000b\000\040\000S\000i\000m\000u\000l\000a\000t\000i\000o\000n\000\040\000F\000r\000a\000m\000e\000w\000o\000r\000k}{section.2.2}% 21
\BOOKMARK [0][-]{chapter.3}{\376\377\000E\000x\000p\000e\000r\000i\000m\000e\000n\000t\000a\000l\000\040\000M\000e\000t\000h\000o\000d\000s}{}% 22
\BOOKMARK [0][-]{chapter.4}{\376\377\000R\000e\000s\000u\000l\000t\000s}{}% 23
\BOOKMARK [0][-]{chapter.5}{\376\377\000D\000i\000s\000c\000u\000s\000s\000i\000o\000n}{}% 24
\BOOKMARK [0][-]{chapter*.18}{\376\377\000C\000o\000n\000c\000l\000u\000s\000i\000o\000n}{}% 25
\BOOKMARK [0][-]{chapter*.18}{\376\377\000R\000e\000f\000e\000r\000e\000n\000c\000e\000s}{}% 26
